<?xml version="1.0" encoding="UTF-8"?>
<testsuite xmlns:xsi="http://www.w3.org/2001/XMLSchema-instance" xsi:noNamespaceSchemaLocation="https://maven.apache.org/surefire/maven-surefire-plugin/xsd/surefire-test-report-3.0.xsd" version="3.0" name="com.airline.flightmanagement.FlightManagementApplicationTests" time="4.738" tests="1" errors="0" skipped="0" failures="0">
  <properties>
    <property name="java.specification.version" value="21"/>
    <property name="sun.cpu.isalist" value="amd64"/>
    <property name="sun.jnu.encoding" value="Cp1252"/>
    <property name="java.class.path" value="C:\Users\aniru\OneDrive\Desktop\flight_management\backend\target\test-classes;C:\Users\aniru\OneDrive\Desktop\flight_management\backend\target\classes;C:\Users\aniru\.m2\repository\org\springframework\boot\spring-boot-starter-web\3.2.0\spring-boot-starter-web-3.2.0.jar;C:\Users\aniru\.m2\repository\org\springframework\boot\spring-boot-starter\3.2.0\spring-boot-starter-3.2.0.jar;C:\Users\aniru\.m2\repository\org\springframework\boot\spring-boot-starter-logging\3.2.0\spring-boot-starter-logging-3.2.0.jar;C:\Users\aniru\.m2\repository\ch\qos\logback\logback-classic\1.4.11\logback-classic-1.4.11.jar;C:\Users\aniru\.m2\repository\ch\qos\logback\logback-core\1.4.11\logback-core-1.4.11.jar;C:\Users\aniru\.m2\repository\org\apache\logging\log4j\log4j-to-slf4j\2.21.1\log4j-to-slf4j-2.21.1.jar;C:\Users\aniru\.m2\repository\org\apache\logging\log4j\log4j-api\2.21.1\log4j-api-2.21.1.jar;C:\Users\aniru\.m2\repository\org\slf4j\jul-to-slf4j\2.0.9\jul-to-slf4j-2.0.9.jar;C:\Users\aniru\.m2\repository\jakarta\annotation\jakarta.annotation-api\2.1.1\jakarta.annotation-api-2.1.1.jar;C:\Users\aniru\.m2\repository\org\yaml\snakeyaml\2.2\snakeyaml-2.2.jar;C:\Users\aniru\.m2\repository\org\springframework\boot\spring-boot-starter-json\3.2.0\spring-boot-starter-json-3.2.0.jar;C:\Users\aniru\.m2\repository\com\fasterxml\jackson\core\jackson-databind\2.15.3\jackson-databind-2.15.3.jar;C:\Users\aniru\.m2\repository\com\fasterxml\jackson\core\jackson-annotations\2.15.3\jackson-annotations-2.15.3.jar;C:\Users\aniru\.m2\repository\com\fasterxml\jackson\core\jackson-core\2.15.3\jackson-core-2.15.3.jar;C:\Users\aniru\.m2\repository\com\fasterxml\jackson\datatype\jackson-datatype-jdk8\2.15.3\jackson-datatype-jdk8-2.15.3.jar;C:\Users\aniru\.m2\repository\com\fasterxml\jackson\datatype\jackson-datatype-jsr310\2.15.3\jackson-datatype-jsr310-2.15.3.jar;C:\Users\aniru\.m2\repository\com\fasterxml\jackson\module\jackson-module-parameter-names\2.15.3\jackson-module-parameter-names-2.15.3.jar;C:\Users\aniru\.m2\repository\org\springframework\boot\spring-boot-starter-tomcat\3.2.0\spring-boot-starter-tomcat-3.2.0.jar;C:\Users\aniru\.m2\repository\org\apache\tomcat\embed\tomcat-embed-core\10.1.16\tomcat-embed-core-10.1.16.jar;C:\Users\aniru\.m2\repository\org\apache\tomcat\embed\tomcat-embed-websocket\10.1.16\tomcat-embed-websocket-10.1.16.jar;C:\Users\aniru\.m2\repository\org\springframework\spring-web\6.1.1\spring-web-6.1.1.jar;C:\Users\aniru\.m2\repository\org\springframework\spring-beans\6.1.1\spring-beans-6.1.1.jar;C:\Users\aniru\.m2\repository\io\micrometer\micrometer-observation\1.12.0\micrometer-observation-1.12.0.jar;C:\Users\aniru\.m2\repository\io\micrometer\micrometer-commons\1.12.0\micrometer-commons-1.12.0.jar;C:\Users\aniru\.m2\repository\org\springframework\spring-webmvc\6.1.1\spring-webmvc-6.1.1.jar;C:\Users\aniru\.m2\repository\org\springframework\spring-aop\6.1.1\spring-aop-6.1.1.jar;C:\Users\aniru\.m2\repository\org\springframework\spring-context\6.1.1\spring-context-6.1.1.jar;C:\Users\aniru\.m2\repository\org\springframework\spring-expression\6.1.1\spring-expression-6.1.1.jar;C:\Users\aniru\.m2\repository\org\springframework\boot\spring-boot-starter-data-jpa\3.2.0\spring-boot-starter-data-jpa-3.2.0.jar;C:\Users\aniru\.m2\repository\org\springframework\boot\spring-boot-starter-aop\3.2.0\spring-boot-starter-aop-3.2.0.jar;C:\Users\aniru\.m2\repository\org\aspectj\aspectjweaver\1.9.20.1\aspectjweaver-1.9.20.1.jar;C:\Users\aniru\.m2\repository\org\springframework\boot\spring-boot-starter-jdbc\3.2.0\spring-boot-starter-jdbc-3.2.0.jar;C:\Users\aniru\.m2\repository\com\zaxxer\HikariCP\5.0.1\HikariCP-5.0.1.jar;C:\Users\aniru\.m2\repository\org\springframework\spring-jdbc\6.1.1\spring-jdbc-6.1.1.jar;C:\Users\aniru\.m2\repository\org\hibernate\orm\hibernate-core\6.3.1.Final\hibernate-core-6.3.1.Final.jar;C:\Users\aniru\.m2\repository\jakarta\persistence\jakarta.persistence-api\3.1.0\jakarta.persistence-api-3.1.0.jar;C:\Users\aniru\.m2\repository\jakarta\transaction\jakarta.transaction-api\2.0.1\jakarta.transaction-api-2.0.1.jar;C:\Users\aniru\.m2\repository\org\jboss\logging\jboss-logging\3.5.3.Final\jboss-logging-3.5.3.Final.jar;C:\Users\aniru\.m2\repository\org\hibernate\common\hibernate-commons-annotations\6.0.6.Final\hibernate-commons-annotations-6.0.6.Final.jar;C:\Users\aniru\.m2\repository\io\smallrye\jandex\3.1.2\jandex-3.1.2.jar;C:\Users\aniru\.m2\repository\com\fasterxml\classmate\1.6.0\classmate-1.6.0.jar;C:\Users\aniru\.m2\repository\net\bytebuddy\byte-buddy\1.14.10\byte-buddy-1.14.10.jar;C:\Users\aniru\.m2\repository\org\glassfish\jaxb\jaxb-runtime\4.0.4\jaxb-runtime-4.0.4.jar;C:\Users\aniru\.m2\repository\org\glassfish\jaxb\jaxb-core\4.0.4\jaxb-core-4.0.4.jar;C:\Users\aniru\.m2\repository\org\eclipse\angus\angus-activation\2.0.1\angus-activation-2.0.1.jar;C:\Users\aniru\.m2\repository\org\glassfish\jaxb\txw2\4.0.4\txw2-4.0.4.jar;C:\Users\aniru\.m2\repository\com\sun\istack\istack-commons-runtime\4.1.2\istack-commons-runtime-4.1.2.jar;C:\Users\aniru\.m2\repository\jakarta\inject\jakarta.inject-api\2.0.1\jakarta.inject-api-2.0.1.jar;C:\Users\aniru\.m2\repository\org\antlr\antlr4-runtime\4.10.1\antlr4-runtime-4.10.1.jar;C:\Users\aniru\.m2\repository\org\springframework\data\spring-data-jpa\3.2.0\spring-data-jpa-3.2.0.jar;C:\Users\aniru\.m2\repository\org\springframework\data\spring-data-commons\3.2.0\spring-data-commons-3.2.0.jar;C:\Users\aniru\.m2\repository\org\springframework\spring-orm\6.1.1\spring-orm-6.1.1.jar;C:\Users\aniru\.m2\repository\org\springframework\spring-tx\6.1.1\spring-tx-6.1.1.jar;C:\Users\aniru\.m2\repository\org\slf4j\slf4j-api\2.0.9\slf4j-api-2.0.9.jar;C:\Users\aniru\.m2\repository\org\springframework\spring-aspects\6.1.1\spring-aspects-6.1.1.jar;C:\Users\aniru\.m2\repository\org\springframework\boot\spring-boot-starter-validation\3.2.0\spring-boot-starter-validation-3.2.0.jar;C:\Users\aniru\.m2\repository\org\apache\tomcat\embed\tomcat-embed-el\10.1.16\tomcat-embed-el-10.1.16.jar;C:\Users\aniru\.m2\repository\org\hibernate\validator\hibernate-validator\8.0.1.Final\hibernate-validator-8.0.1.Final.jar;C:\Users\aniru\.m2\repository\jakarta\validation\jakarta.validation-api\3.0.2\jakarta.validation-api-3.0.2.jar;C:\Users\aniru\.m2\repository\com\h2database\h2\2.2.224\h2-2.2.224.jar;C:\Users\aniru\.m2\repository\org\springframework\boot\spring-boot-starter-test\3.2.0\spring-boot-starter-test-3.2.0.jar;C:\Users\aniru\.m2\repository\org\springframework\boot\spring-boot-test\3.2.0\spring-boot-test-3.2.0.jar;C:\Users\aniru\.m2\repository\org\springframework\boot\spring-boot-test-autoconfigure\3.2.0\spring-boot-test-autoconfigure-3.2.0.jar;C:\Users\aniru\.m2\repository\com\jayway\jsonpath\json-path\2.8.0\json-path-2.8.0.jar;C:\Users\aniru\.m2\repository\jakarta\xml\bind\jakarta.xml.bind-api\4.0.1\jakarta.xml.bind-api-4.0.1.jar;C:\Users\aniru\.m2\repository\jakarta\activation\jakarta.activation-api\2.1.2\jakarta.activation-api-2.1.2.jar;C:\Users\aniru\.m2\repository\net\minidev\json-smart\2.5.0\json-smart-2.5.0.jar;C:\Users\aniru\.m2\repository\net\minidev\accessors-smart\2.5.0\accessors-smart-2.5.0.jar;C:\Users\aniru\.m2\repository\org\ow2\asm\asm\9.3\asm-9.3.jar;C:\Users\aniru\.m2\repository\org\assertj\assertj-core\3.24.2\assertj-core-3.24.2.jar;C:\Users\aniru\.m2\repository\org\awaitility\awaitility\4.2.0\awaitility-4.2.0.jar;C:\Users\aniru\.m2\repository\org\hamcrest\hamcrest\2.2\hamcrest-2.2.jar;C:\Users\aniru\.m2\repository\org\junit\jupiter\junit-jupiter\5.10.1\junit-jupiter-5.10.1.jar;C:\Users\aniru\.m2\repository\org\junit\jupiter\junit-jupiter-api\5.10.1\junit-jupiter-api-5.10.1.jar;C:\Users\aniru\.m2\repository\org\opentest4j\opentest4j\1.3.0\opentest4j-1.3.0.jar;C:\Users\aniru\.m2\repository\org\junit\platform\junit-platform-commons\1.10.1\junit-platform-commons-1.10.1.jar;C:\Users\aniru\.m2\repository\org\apiguardian\apiguardian-api\1.1.2\apiguardian-api-1.1.2.jar;C:\Users\aniru\.m2\repository\org\junit\jupiter\junit-jupiter-params\5.10.1\junit-jupiter-params-5.10.1.jar;C:\Users\aniru\.m2\repository\org\junit\jupiter\junit-jupiter-engine\5.10.1\junit-jupiter-engine-5.10.1.jar;C:\Users\aniru\.m2\repository\org\junit\platform\junit-platform-engine\1.10.1\junit-platform-engine-1.10.1.jar;C:\Users\aniru\.m2\repository\org\mockito\mockito-core\5.7.0\mockito-core-5.7.0.jar;C:\Users\aniru\.m2\repository\net\bytebuddy\byte-buddy-agent\1.14.10\byte-buddy-agent-1.14.10.jar;C:\Users\aniru\.m2\repository\org\objenesis\objenesis\3.3\objenesis-3.3.jar;C:\Users\aniru\.m2\repository\org\mockito\mockito-junit-jupiter\5.7.0\mockito-junit-jupiter-5.7.0.jar;C:\Users\aniru\.m2\repository\org\skyscreamer\jsonassert\1.5.1\jsonassert-1.5.1.jar;C:\Users\aniru\.m2\repository\com\vaadin\external\google\android-json\0.0.20131108.vaadin1\android-json-0.0.20131108.vaadin1.jar;C:\Users\aniru\.m2\repository\org\springframework\spring-core\6.1.1\spring-core-6.1.1.jar;C:\Users\aniru\.m2\repository\org\springframework\spring-jcl\6.1.1\spring-jcl-6.1.1.jar;C:\Users\aniru\.m2\repository\org\springframework\spring-test\6.1.1\spring-test-6.1.1.jar;C:\Users\aniru\.m2\repository\org\xmlunit\xmlunit-core\2.9.1\xmlunit-core-2.9.1.jar;C:\Users\aniru\.m2\repository\org\springframework\boot\spring-boot-devtools\3.2.0\spring-boot-devtools-3.2.0.jar;C:\Users\aniru\.m2\repository\org\springframework\boot\spring-boot\3.2.0\spring-boot-3.2.0.jar;C:\Users\aniru\.m2\repository\org\springframework\boot\spring-boot-autoconfigure\3.2.0\spring-boot-autoconfigure-3.2.0.jar;"/>
    <property name="java.vm.vendor" value="Oracle Corporation"/>
    <property name="sun.arch.data.model" value="64"/>
    <property name="user.variant" value=""/>
    <property name="java.vendor.url" value="https://java.oracle.com/"/>
    <property name="user.timezone" value="Asia/Calcutta"/>
    <property name="org.jboss.logging.provider" value="slf4j"/>
    <property name="os.name" value="Windows 11"/>
    <property name="java.vm.specification.version" value="21"/>
    <property name="sun.java.launcher" value="SUN_STANDARD"/>
    <property name="user.country" value="US"/>
    <property name="sun.boot.library.path" value="C:\Program Files\Java\jdk-21\bin"/>
    <property name="sun.java.command" value="C:\Users\aniru\AppData\Local\Temp\surefire4048103762661530343\surefirebooter-20250822073818007_3.jar C:\Users\aniru\AppData\Local\Temp\surefire4048103762661530343 2025-08-22T07-38-17_803-jvmRun1 surefire-20250822073818007_1tmp surefire_0-20250822073818007_2tmp"/>
    <property name="jdk.debug" value="release"/>
    <property name="surefire.test.class.path" value="C:\Users\aniru\OneDrive\Desktop\flight_management\backend\target\test-classes;C:\Users\aniru\OneDrive\Desktop\flight_management\backend\target\classes;C:\Users\aniru\.m2\repository\org\springframework\boot\spring-boot-starter-web\3.2.0\spring-boot-starter-web-3.2.0.jar;C:\Users\aniru\.m2\repository\org\springframework\boot\spring-boot-starter\3.2.0\spring-boot-starter-3.2.0.jar;C:\Users\aniru\.m2\repository\org\springframework\boot\spring-boot-starter-logging\3.2.0\spring-boot-starter-logging-3.2.0.jar;C:\Users\aniru\.m2\repository\ch\qos\logback\logback-classic\1.4.11\logback-classic-1.4.11.jar;C:\Users\aniru\.m2\repository\ch\qos\logback\logback-core\1.4.11\logback-core-1.4.11.jar;C:\Users\aniru\.m2\repository\org\apache\logging\log4j\log4j-to-slf4j\2.21.1\log4j-to-slf4j-2.21.1.jar;C:\Users\aniru\.m2\repository\org\apache\logging\log4j\log4j-api\2.21.1\log4j-api-2.21.1.jar;C:\Users\aniru\.m2\repository\org\slf4j\jul-to-slf4j\2.0.9\jul-to-slf4j-2.0.9.jar;C:\Users\aniru\.m2\repository\jakarta\annotation\jakarta.annotation-api\2.1.1\jakarta.annotation-api-2.1.1.jar;C:\Users\aniru\.m2\repository\org\yaml\snakeyaml\2.2\snakeyaml-2.2.jar;C:\Users\aniru\.m2\repository\org\springframework\boot\spring-boot-starter-json\3.2.0\spring-boot-starter-json-3.2.0.jar;C:\Users\aniru\.m2\repository\com\fasterxml\jackson\core\jackson-databind\2.15.3\jackson-databind-2.15.3.jar;C:\Users\aniru\.m2\repository\com\fasterxml\jackson\core\jackson-annotations\2.15.3\jackson-annotations-2.15.3.jar;C:\Users\aniru\.m2\repository\com\fasterxml\jackson\core\jackson-core\2.15.3\jackson-core-2.15.3.jar;C:\Users\aniru\.m2\repository\com\fasterxml\jackson\datatype\jackson-datatype-jdk8\2.15.3\jackson-datatype-jdk8-2.15.3.jar;C:\Users\aniru\.m2\repository\com\fasterxml\jackson\datatype\jackson-datatype-jsr310\2.15.3\jackson-datatype-jsr310-2.15.3.jar;C:\Users\aniru\.m2\repository\com\fasterxml\jackson\module\jackson-module-parameter-names\2.15.3\jackson-module-parameter-names-2.15.3.jar;C:\Users\aniru\.m2\repository\org\springframework\boot\spring-boot-starter-tomcat\3.2.0\spring-boot-starter-tomcat-3.2.0.jar;C:\Users\aniru\.m2\repository\org\apache\tomcat\embed\tomcat-embed-core\10.1.16\tomcat-embed-core-10.1.16.jar;C:\Users\aniru\.m2\repository\org\apache\tomcat\embed\tomcat-embed-websocket\10.1.16\tomcat-embed-websocket-10.1.16.jar;C:\Users\aniru\.m2\repository\org\springframework\spring-web\6.1.1\spring-web-6.1.1.jar;C:\Users\aniru\.m2\repository\org\springframework\spring-beans\6.1.1\spring-beans-6.1.1.jar;C:\Users\aniru\.m2\repository\io\micrometer\micrometer-observation\1.12.0\micrometer-observation-1.12.0.jar;C:\Users\aniru\.m2\repository\io\micrometer\micrometer-commons\1.12.0\micrometer-commons-1.12.0.jar;C:\Users\aniru\.m2\repository\org\springframework\spring-webmvc\6.1.1\spring-webmvc-6.1.1.jar;C:\Users\aniru\.m2\repository\org\springframework\spring-aop\6.1.1\spring-aop-6.1.1.jar;C:\Users\aniru\.m2\repository\org\springframework\spring-context\6.1.1\spring-context-6.1.1.jar;C:\Users\aniru\.m2\repository\org\springframework\spring-expression\6.1.1\spring-expression-6.1.1.jar;C:\Users\aniru\.m2\repository\org\springframework\boot\spring-boot-starter-data-jpa\3.2.0\spring-boot-starter-data-jpa-3.2.0.jar;C:\Users\aniru\.m2\repository\org\springframework\boot\spring-boot-starter-aop\3.2.0\spring-boot-starter-aop-3.2.0.jar;C:\Users\aniru\.m2\repository\org\aspectj\aspectjweaver\1.9.20.1\aspectjweaver-1.9.20.1.jar;C:\Users\aniru\.m2\repository\org\springframework\boot\spring-boot-starter-jdbc\3.2.0\spring-boot-starter-jdbc-3.2.0.jar;C:\Users\aniru\.m2\repository\com\zaxxer\HikariCP\5.0.1\HikariCP-5.0.1.jar;C:\Users\aniru\.m2\repository\org\springframework\spring-jdbc\6.1.1\spring-jdbc-6.1.1.jar;C:\Users\aniru\.m2\repository\org\hibernate\orm\hibernate-core\6.3.1.Final\hibernate-core-6.3.1.Final.jar;C:\Users\aniru\.m2\repository\jakarta\persistence\jakarta.persistence-api\3.1.0\jakarta.persistence-api-3.1.0.jar;C:\Users\aniru\.m2\repository\jakarta\transaction\jakarta.transaction-api\2.0.1\jakarta.transaction-api-2.0.1.jar;C:\Users\aniru\.m2\repository\org\jboss\logging\jboss-logging\3.5.3.Final\jboss-logging-3.5.3.Final.jar;C:\Users\aniru\.m2\repository\org\hibernate\common\hibernate-commons-annotations\6.0.6.Final\hibernate-commons-annotations-6.0.6.Final.jar;C:\Users\aniru\.m2\repository\io\smallrye\jandex\3.1.2\jandex-3.1.2.jar;C:\Users\aniru\.m2\repository\com\fasterxml\classmate\1.6.0\classmate-1.6.0.jar;C:\Users\aniru\.m2\repository\net\bytebuddy\byte-buddy\1.14.10\byte-buddy-1.14.10.jar;C:\Users\aniru\.m2\repository\org\glassfish\jaxb\jaxb-runtime\4.0.4\jaxb-runtime-4.0.4.jar;C:\Users\aniru\.m2\repository\org\glassfish\jaxb\jaxb-core\4.0.4\jaxb-core-4.0.4.jar;C:\Users\aniru\.m2\repository\org\eclipse\angus\angus-activation\2.0.1\angus-activation-2.0.1.jar;C:\Users\aniru\.m2\repository\org\glassfish\jaxb\txw2\4.0.4\txw2-4.0.4.jar;C:\Users\aniru\.m2\repository\com\sun\istack\istack-commons-runtime\4.1.2\istack-commons-runtime-4.1.2.jar;C:\Users\aniru\.m2\repository\jakarta\inject\jakarta.inject-api\2.0.1\jakarta.inject-api-2.0.1.jar;C:\Users\aniru\.m2\repository\org\antlr\antlr4-runtime\4.10.1\antlr4-runtime-4.10.1.jar;C:\Users\aniru\.m2\repository\org\springframework\data\spring-data-jpa\3.2.0\spring-data-jpa-3.2.0.jar;C:\Users\aniru\.m2\repository\org\springframework\data\spring-data-commons\3.2.0\spring-data-commons-3.2.0.jar;C:\Users\aniru\.m2\repository\org\springframework\spring-orm\6.1.1\spring-orm-6.1.1.jar;C:\Users\aniru\.m2\repository\org\springframework\spring-tx\6.1.1\spring-tx-6.1.1.jar;C:\Users\aniru\.m2\repository\org\slf4j\slf4j-api\2.0.9\slf4j-api-2.0.9.jar;C:\Users\aniru\.m2\repository\org\springframework\spring-aspects\6.1.1\spring-aspects-6.1.1.jar;C:\Users\aniru\.m2\repository\org\springframework\boot\spring-boot-starter-validation\3.2.0\spring-boot-starter-validation-3.2.0.jar;C:\Users\aniru\.m2\repository\org\apache\tomcat\embed\tomcat-embed-el\10.1.16\tomcat-embed-el-10.1.16.jar;C:\Users\aniru\.m2\repository\org\hibernate\validator\hibernate-validator\8.0.1.Final\hibernate-validator-8.0.1.Final.jar;C:\Users\aniru\.m2\repository\jakarta\validation\jakarta.validation-api\3.0.2\jakarta.validation-api-3.0.2.jar;C:\Users\aniru\.m2\repository\com\h2database\h2\2.2.224\h2-2.2.224.jar;C:\Users\aniru\.m2\repository\org\springframework\boot\spring-boot-starter-test\3.2.0\spring-boot-starter-test-3.2.0.jar;C:\Users\aniru\.m2\repository\org\springframework\boot\spring-boot-test\3.2.0\spring-boot-test-3.2.0.jar;C:\Users\aniru\.m2\repository\org\springframework\boot\spring-boot-test-autoconfigure\3.2.0\spring-boot-test-autoconfigure-3.2.0.jar;C:\Users\aniru\.m2\repository\com\jayway\jsonpath\json-path\2.8.0\json-path-2.8.0.jar;C:\Users\aniru\.m2\repository\jakarta\xml\bind\jakarta.xml.bind-api\4.0.1\jakarta.xml.bind-api-4.0.1.jar;C:\Users\aniru\.m2\repository\jakarta\activation\jakarta.activation-api\2.1.2\jakarta.activation-api-2.1.2.jar;C:\Users\aniru\.m2\repository\net\minidev\json-smart\2.5.0\json-smart-2.5.0.jar;C:\Users\aniru\.m2\repository\net\minidev\accessors-smart\2.5.0\accessors-smart-2.5.0.jar;C:\Users\aniru\.m2\repository\org\ow2\asm\asm\9.3\asm-9.3.jar;C:\Users\aniru\.m2\repository\org\assertj\assertj-core\3.24.2\assertj-core-3.24.2.jar;C:\Users\aniru\.m2\repository\org\awaitility\awaitility\4.2.0\awaitility-4.2.0.jar;C:\Users\aniru\.m2\repository\org\hamcrest\hamcrest\2.2\hamcrest-2.2.jar;C:\Users\aniru\.m2\repository\org\junit\jupiter\junit-jupiter\5.10.1\junit-jupiter-5.10.1.jar;C:\Users\aniru\.m2\repository\org\junit\jupiter\junit-jupiter-api\5.10.1\junit-jupiter-api-5.10.1.jar;C:\Users\aniru\.m2\repository\org\opentest4j\opentest4j\1.3.0\opentest4j-1.3.0.jar;C:\Users\aniru\.m2\repository\org\junit\platform\junit-platform-commons\1.10.1\junit-platform-commons-1.10.1.jar;C:\Users\aniru\.m2\repository\org\apiguardian\apiguardian-api\1.1.2\apiguardian-api-1.1.2.jar;C:\Users\aniru\.m2\repository\org\junit\jupiter\junit-jupiter-params\5.10.1\junit-jupiter-params-5.10.1.jar;C:\Users\aniru\.m2\repository\org\junit\jupiter\junit-jupiter-engine\5.10.1\junit-jupiter-engine-5.10.1.jar;C:\Users\aniru\.m2\repository\org\junit\platform\junit-platform-engine\1.10.1\junit-platform-engine-1.10.1.jar;C:\Users\aniru\.m2\repository\org\mockito\mockito-core\5.7.0\mockito-core-5.7.0.jar;C:\Users\aniru\.m2\repository\net\bytebuddy\byte-buddy-agent\1.14.10\byte-buddy-agent-1.14.10.jar;C:\Users\aniru\.m2\repository\org\objenesis\objenesis\3.3\objenesis-3.3.jar;C:\Users\aniru\.m2\repository\org\mockito\mockito-junit-jupiter\5.7.0\mockito-junit-jupiter-5.7.0.jar;C:\Users\aniru\.m2\repository\org\skyscreamer\jsonassert\1.5.1\jsonassert-1.5.1.jar;C:\Users\aniru\.m2\repository\com\vaadin\external\google\android-json\0.0.20131108.vaadin1\android-json-0.0.20131108.vaadin1.jar;C:\Users\aniru\.m2\repository\org\springframework\spring-core\6.1.1\spring-core-6.1.1.jar;C:\Users\aniru\.m2\repository\org\springframework\spring-jcl\6.1.1\spring-jcl-6.1.1.jar;C:\Users\aniru\.m2\repository\org\springframework\spring-test\6.1.1\spring-test-6.1.1.jar;C:\Users\aniru\.m2\repository\org\xmlunit\xmlunit-core\2.9.1\xmlunit-core-2.9.1.jar;C:\Users\aniru\.m2\repository\org\springframework\boot\spring-boot-devtools\3.2.0\spring-boot-devtools-3.2.0.jar;C:\Users\aniru\.m2\repository\org\springframework\boot\spring-boot\3.2.0\spring-boot-3.2.0.jar;C:\Users\aniru\.m2\repository\org\springframework\boot\spring-boot-autoconfigure\3.2.0\spring-boot-autoconfigure-3.2.0.jar;"/>
    <property name="sun.cpu.endian" value="little"/>
    <property name="user.home" value="C:\Users\aniru"/>
    <property name="user.language" value="en"/>
    <property name="java.specification.vendor" value="Oracle Corporation"/>
    <property name="java.version.date" value="2024-10-15"/>
    <property name="java.home" value="C:\Program Files\Java\jdk-21"/>
    <property name="file.separator" value="\"/>
    <property name="basedir" value="C:\Users\aniru\OneDrive\Desktop\flight_management\backend"/>
    <property name="java.vm.compressedOopsMode" value="Zero based"/>
    <property name="line.separator" value="&#10;"/>
    <property name="java.vm.specification.vendor" value="Oracle Corporation"/>
    <property name="java.specification.name" value="Java Platform API Specification"/>
    <property name="FILE_LOG_CHARSET" value="UTF-8"/>
    <property name="java.awt.headless" value="true"/>
    <property name="surefire.real.class.path" value="C:\Users\aniru\AppData\Local\Temp\surefire4048103762661530343\surefirebooter-20250822073818007_3.jar"/>
    <property name="user.script" value=""/>
    <property name="sun.management.compiler" value="HotSpot 64-Bit Tiered Compilers"/>
    <property name="java.runtime.version" value="21.0.5+9-LTS-239"/>
    <property name="user.name" value="aniru"/>
    <property name="stdout.encoding" value="Cp1252"/>
    <property name="path.separator" value=";"/>
    <property name="os.version" value="10.0"/>
    <property name="java.runtime.name" value="Java(TM) SE Runtime Environment"/>
    <property name="file.encoding" value="UTF-8"/>
    <property name="java.vm.name" value="Java HotSpot(TM) 64-Bit Server VM"/>
    <property name="localRepository" value="C:\Users\aniru\.m2\repository"/>
    <property name="java.vendor.url.bug" value="https://bugreport.java.com/bugreport/"/>
    <property name="java.io.tmpdir" value="C:\Users\aniru\AppData\Local\Temp\"/>
    <property name="com.zaxxer.hikari.pool_number" value="1"/>
    <property name="java.version" value="21.0.5"/>
    <property name="user.dir" value="C:\Users\aniru\OneDrive\Desktop\flight_management\backend"/>
    <property name="os.arch" value="amd64"/>
    <property name="java.vm.specification.name" value="Java Virtual Machine Specification"/>
    <property name="PID" value="34016"/>
    <property name="sun.os.patch.level" value=""/>
    <property name="CONSOLE_LOG_CHARSET" value="UTF-8"/>
    <property name="native.encoding" value="Cp1252"/>
    <property name="java.library.path" value="C:\Program Files\Java\jdk-21\bin;C:\WINDOWS\Sun\Java\bin;C:\WINDOWS\system32;C:\WINDOWS;C:\Program Files\Common Files\Oracle\Java\javapath;C:\WINDOWS\system32;C:\WINDOWS;C:\WINDOWS\System32\Wbem;C:\WINDOWS\System32\WindowsPowerShell\v1.0\;C:\WINDOWS\System32\OpenSSH\;C:\Program Files\dotnet\;C:\Program Files\NVIDIA Corporation\NVIDIA app\NvDLISR;C:\Program Files (x86)\NVIDIA Corporation\PhysX\Common;C:\Users\aniru\AppData\Roaming\nvm;C:\Program Files\nodejs;C:\Program Files (x86)\Windows Kits\10\Windows Performance Toolkit\;C:\Program Files\Git\cmd;C:\Program Files\apache-maven-3.9.11\bin;C:\Users\aniru\AppData\Local\Programs\Python\Python313\Scripts\;C:\Users\aniru\AppData\Local\Programs\Python\Python313\;C:\Program Files\MySQL\MySQL Shell 8.0\bin\;C:\Users\aniru\AppData\Local\Microsoft\WindowsApps;C:\Program Files\JetBrains\IntelliJ IDEA Community Edition 2024.3\bin;;C:\Users\aniru\AppData\Local\Programs\Microsoft VS Code\bin;C:\Users\aniru\AppData\Roaming\nvm;C:\Program Files\nodejs;C:\Users\aniru\AppData\Local\Programs\cursor\resources\app\bin;."/>
    <property name="java.vm.info" value="mixed mode, sharing"/>
    <property name="stderr.encoding" value="Cp1252"/>
    <property name="java.vendor" value="Oracle Corporation"/>
    <property name="java.vm.version" value="21.0.5+9-LTS-239"/>
    <property name="sun.io.unicode.encoding" value="UnicodeLittle"/>
    <property name="java.class.version" value="65.0"/>
  </properties>
  <testcase name="contextLoads" classname="com.airline.flightmanagement.FlightManagementApplicationTests" time="0.004">
    <system-out><![CDATA[2025-08-22T07:38:24.226+05:30  INFO 34016 --- [           main] t.c.s.AnnotationConfigContextLoaderUtils : Could not detect default configuration classes for test class [com.airline.flightmanagement.FlightManagementApplicationTests]: FlightManagementApplicationTests does not declare any static, non-private, non-final, nested classes annotated with @Configuration.
2025-08-22T07:38:24.254+05:30  INFO 34016 --- [           main] .b.t.c.SpringBootTestContextBootstrapper : Found @SpringBootConfiguration com.airline.flightmanagement.FlightManagementApplication for test class com.airline.flightmanagement.FlightManagementApplicationTests
2025-08-22T07:38:24.269+05:30  INFO 34016 --- [           main] o.s.b.d.r.RestartApplicationListener     : Restart disabled due to context in which it is running

  .   ____          _            __ _ _
 /\\ / ___'_ __ _ _(_)_ __  __ _ \ \ \ \
( ( )\___ | '_ | '_| | '_ \/ _` | \ \ \ \
 \\/  ___)| |_)| | | | | || (_| |  ) ) ) )
  '  |____| .__|_| |_|_| |_\__, | / / / /
 =========|_|==============|___/=/_/_/_/
 :: Spring Boot ::                (v3.2.0)

2025-08-22T07:38:24.305+05:30  INFO 34016 --- [           main] c.a.f.FlightManagementApplicationTests   : Starting FlightManagementApplicationTests using Java 21.0.5 with PID 34016 (started by aniru in C:\Users\aniru\OneDrive\Desktop\flight_management\backend)
2025-08-22T07:38:24.306+05:30 DEBUG 34016 --- [           main] c.a.f.FlightManagementApplicationTests   : Running with Spring Boot v3.2.0, Spring v6.1.1
2025-08-22T07:38:24.306+05:30  INFO 34016 --- [           main] c.a.f.FlightManagementApplicationTests   : No active profile set, falling back to 1 default profile: "default"
2025-08-22T07:38:24.308+05:30 DEBUG 34016 --- [           main] o.s.w.c.s.GenericWebApplicationContext   : Refreshing org.springframework.web.context.support.GenericWebApplicationContext@11dbcb3b
2025-08-22T07:38:24.709+05:30  INFO 34016 --- [           main] .s.d.r.c.RepositoryConfigurationDelegate : Bootstrapping Spring Data JPA repositories in DEFAULT mode.
2025-08-22T07:38:24.782+05:30  INFO 34016 --- [           main] .s.d.r.c.RepositoryConfigurationDelegate : Finished Spring Data repository scanning in 57 ms. Found 5 JPA repository interfaces.
2025-08-22T07:38:25.132+05:30  INFO 34016 --- [           main] o.hibernate.jpa.internal.util.LogHelper  : HHH000204: Processing PersistenceUnitInfo [name: default]
2025-08-22T07:38:25.227+05:30  INFO 34016 --- [           main] org.hibernate.Version                    : HHH000412: Hibernate ORM core version 6.3.1.Final
2025-08-22T07:38:25.269+05:30  INFO 34016 --- [           main] o.h.c.internal.RegionFactoryInitiator    : HHH000026: Second-level cache disabled
2025-08-22T07:38:25.480+05:30  INFO 34016 --- [           main] o.s.o.j.p.SpringPersistenceUnitInfo      : No LoadTimeWeaver setup: ignoring JPA class transformer
2025-08-22T07:38:25.522+05:30  INFO 34016 --- [           main] com.zaxxer.hikari.HikariDataSource       : HikariPool-1 - Starting...
2025-08-22T07:38:25.810+05:30  INFO 34016 --- [           main] com.zaxxer.hikari.pool.HikariPool        : HikariPool-1 - Added connection conn0: url=jdbc:h2:mem:flightdb user=SA
2025-08-22T07:38:25.812+05:30  INFO 34016 --- [           main] com.zaxxer.hikari.HikariDataSource       : HikariPool-1 - Start completed.
2025-08-22T07:38:25.838+05:30  WARN 34016 --- [           main] org.hibernate.orm.deprecation            : HHH90000025: H2Dialect does not need to be specified explicitly using 'hibernate.dialect' (remove the property setting and it will be selected by default)
2025-08-22T07:38:26.787+05:30  INFO 34016 --- [           main] o.h.e.t.j.p.i.JtaPlatformInitiator       : HHH000489: No JTA platform available (set 'hibernate.transaction.jta.platform' to enable JTA platform integration)
2025-08-22T07:38:26.808+05:30 DEBUG 34016 --- [           main] org.hibernate.SQL                        : 
    drop table if exists bookings cascade 
Hibernate: 
    drop table if exists bookings cascade 
2025-08-22T07:38:26.812+05:30 DEBUG 34016 --- [           main] org.hibernate.SQL                        : 
    drop table if exists carriers cascade 
Hibernate: 
    drop table if exists carriers cascade 
2025-08-22T07:38:26.813+05:30 DEBUG 34016 --- [           main] org.hibernate.SQL                        : 
    drop table if exists flight_schedules cascade 
Hibernate: 
    drop table if exists flight_schedules cascade 
2025-08-22T07:38:26.813+05:30 DEBUG 34016 --- [           main] org.hibernate.SQL                        : 
    drop table if exists flights cascade 
Hibernate: 
    drop table if exists flights cascade 
2025-08-22T07:38:26.813+05:30 DEBUG 34016 --- [           main] org.hibernate.SQL                        : 
    drop table if exists users cascade 
Hibernate: 
    drop table if exists users cascade 
2025-08-22T07:38:26.818+05:30 DEBUG 34016 --- [           main] org.hibernate.SQL                        : 
    create table bookings (
        booking_amount numeric(10,2) not null,
        date_of_travel date not null,
        discount_amount numeric(10,2),
        no_of_seats integer not null,
        booking_date timestamp(6),
        booking_id bigint generated by default as identity,
        flight_id bigint not null,
        user_id bigint not null,
        booking_status varchar(255) not null check (booking_status in ('BOOKED','CANCELLED','COMPLETED','PENDING')),
        discount_reason varchar(255),
        seat_category varchar(255) not null check (seat_category in ('ECONOMY','BUSINESS','EXECUTIVE')),
        primary key (booking_id)
    )
Hibernate: 
    create table bookings (
        booking_amount numeric(10,2) not null,
        date_of_travel date not null,
        discount_amount numeric(10,2),
        no_of_seats integer not null,
        booking_date timestamp(6),
        booking_id bigint generated by default as identity,
        flight_id bigint not null,
        user_id bigint not null,
        booking_status varchar(255) not null check (booking_status in ('BOOKED','CANCELLED','COMPLETED','PENDING')),
        discount_reason varchar(255),
        seat_category varchar(255) not null check (seat_category in ('ECONOMY','BUSINESS','EXECUTIVE')),
        primary key (booking_id)
    )
2025-08-22T07:38:26.835+05:30 DEBUG 34016 --- [           main] org.hibernate.SQL                        : 
    create table carriers (
        discount_percentage numeric(5,2) not null,
        is_active boolean not null,
        refund_percentage numeric(5,2) not null,
        carrier_id bigint generated by default as identity,
        description varchar(500),
        carrier_name varchar(255) not null unique,
        discount_type varchar(255) not null check (discount_type in ('THIRTY_DAYS','SIXTY_DAYS','NINETY_DAYS','BULK','SILVER','GOLD','PLATINUM')),
        refund_type varchar(255) not null check (refund_type in ('TWO_DAYS','TEN_DAYS','TWENTY_DAYS')),
        primary key (carrier_id)
    )
Hibernate: 
    create table carriers (
        discount_percentage numeric(5,2) not null,
        is_active boolean not null,
        refund_percentage numeric(5,2) not null,
        carrier_id bigint generated by default as identity,
        description varchar(500),
        carrier_name varchar(255) not null unique,
        discount_type varchar(255) not null check (discount_type in ('THIRTY_DAYS','SIXTY_DAYS','NINETY_DAYS','BULK','SILVER','GOLD','PLATINUM')),
        refund_type varchar(255) not null check (refund_type in ('TWO_DAYS','TEN_DAYS','TWENTY_DAYS')),
        primary key (carrier_id)
    )
2025-08-22T07:38:26.839+05:30 DEBUG 34016 --- [           main] org.hibernate.SQL                        : 
    create table flight_schedules (
        booked_count_business integer not null,
        booked_count_economy integer not null,
        booked_count_executive integer not null,
        date_of_travel date not null,
        total_capacity_business integer not null,
        total_capacity_economy integer not null,
        total_capacity_executive integer not null,
        flight_id bigint not null,
        schedule_id bigint generated by default as identity,
        primary key (schedule_id)
    )
Hibernate: 
    create table flight_schedules (
        booked_count_business integer not null,
        booked_count_economy integer not null,
        booked_count_executive integer not null,
        date_of_travel date not null,
        total_capacity_business integer not null,
        total_capacity_economy integer not null,
        total_capacity_executive integer not null,
        flight_id bigint not null,
        schedule_id bigint generated by default as identity,
        primary key (schedule_id)
    )
2025-08-22T07:38:26.840+05:30 DEBUG 34016 --- [           main] org.hibernate.SQL                        : 
    create table flights (
        air_fare numeric(10,2) not null,
        seat_capacity_business integer not null,
        seat_capacity_economy integer not null,
        seat_capacity_executive integer not null,
        carrier_id bigint not null,
        flight_id bigint generated by default as identity,
        destination varchar(255) not null,
        origin varchar(255) not null,
        primary key (flight_id)
    )
Hibernate: 
    create table flights (
        air_fare numeric(10,2) not null,
        seat_capacity_business integer not null,
        seat_capacity_economy integer not null,
        seat_capacity_executive integer not null,
        carrier_id bigint not null,
        flight_id bigint generated by default as identity,
        destination varchar(255) not null,
        origin varchar(255) not null,
        primary key (flight_id)
    )
2025-08-22T07:38:26.841+05:30 DEBUG 34016 --- [           main] org.hibernate.SQL                        : 
    create table users (
        created_at date,
        dob date not null,
        user_id bigint generated by default as identity,
        address1 varchar(255) not null,
        address2 varchar(255),
        city varchar(255) not null,
        customer_category varchar(255) not null check (customer_category in ('REGULAR','SILVER','GOLD','PLATINUM','PREMIUM')),
        email_id varchar(255) not null unique,
        password varchar(255) not null,
        phone varchar(255) not null,
        role varchar(255) not null check (role in ('CUSTOMER','ADMIN','STAFF')),
        state varchar(255) not null,
        user_name varchar(255) not null unique,
        zip_code varchar(255) not null,
        primary key (user_id)
    )
Hibernate: 
    create table users (
        created_at date,
        dob date not null,
        user_id bigint generated by default as identity,
        address1 varchar(255) not null,
        address2 varchar(255),
        city varchar(255) not null,
        customer_category varchar(255) not null check (customer_category in ('REGULAR','SILVER','GOLD','PLATINUM','PREMIUM')),
        email_id varchar(255) not null unique,
        password varchar(255) not null,
        phone varchar(255) not null,
        role varchar(255) not null check (role in ('CUSTOMER','ADMIN','STAFF')),
        state varchar(255) not null,
        user_name varchar(255) not null unique,
        zip_code varchar(255) not null,
        primary key (user_id)
    )
2025-08-22T07:38:26.843+05:30 DEBUG 34016 --- [           main] org.hibernate.SQL                        : 
    alter table if exists flights 
       add constraint FK57ixyqomj8nnbhgtoq987ncfr 
       foreign key (carrier_id) 
       references carriers
Hibernate: 
    alter table if exists flights 
       add constraint FK57ixyqomj8nnbhgtoq987ncfr 
       foreign key (carrier_id) 
       references carriers
2025-08-22T07:38:26.857+05:30  INFO 34016 --- [           main] j.LocalContainerEntityManagerFactoryBean : Initialized JPA EntityManagerFactory for persistence unit 'default'
2025-08-22T07:38:27.353+05:30  INFO 34016 --- [           main] o.s.d.j.r.query.QueryEnhancerFactory     : Hibernate is in classpath; If applicable, HQL parser will be used.
2025-08-22T07:38:28.401+05:30  WARN 34016 --- [           main] JpaBaseConfiguration$JpaWebConfiguration : spring.jpa.open-in-view is enabled by default. Therefore, database queries may be performed during view rendering. Explicitly configure spring.jpa.open-in-view to disable this warning
2025-08-22T07:38:28.449+05:30 DEBUG 34016 --- [           main] s.w.s.m.m.a.RequestMappingHandlerMapping : 32 mappings in 'requestMappingHandlerMapping'
2025-08-22T07:38:28.496+05:30 DEBUG 34016 --- [           main] o.s.w.s.handler.SimpleUrlHandlerMapping  : Patterns [/webjars/**, /**] in 'resourceHandlerMapping'
2025-08-22T07:38:28.508+05:30 DEBUG 34016 --- [           main] s.w.s.m.m.a.RequestMappingHandlerAdapter : ControllerAdvice beans: 0 @ModelAttribute, 0 @InitBinder, 1 RequestBodyAdvice, 1 ResponseBodyAdvice
2025-08-22T07:38:28.513+05:30 DEBUG 34016 --- [           main] .m.m.a.ExceptionHandlerExceptionResolver : ControllerAdvice beans: 0 @ExceptionHandler, 1 ResponseBodyAdvice
2025-08-22T07:38:28.555+05:30  INFO 34016 --- [           main] o.s.b.a.h2.H2ConsoleAutoConfiguration    : H2 console available at '/h2-console'. Database available at 'jdbc:h2:mem:flightdb'
2025-08-22T07:38:28.621+05:30  INFO 34016 --- [           main] c.a.f.FlightManagementApplicationTests   : Started FlightManagementApplicationTests in 4.352 seconds (process running for 10.328)
2025-08-22T07:38:28.733+05:30 DEBUG 34016 --- [           main] org.hibernate.SQL                        : 
    select
        count(*) 
    from
        carriers c1_0
Hibernate: 
    select
        count(*) 
    from
        carriers c1_0
2025-08-22T07:38:28.795+05:30 DEBUG 34016 --- [           main] org.hibernate.SQL                        : 
    insert 
    into
        carriers
        (carrier_name, description, discount_percentage, discount_type, is_active, refund_percentage, refund_type, carrier_id) 
    values
        (?, ?, ?, ?, ?, ?, ?, default)
Hibernate: 
    insert 
    into
        carriers
        (carrier_name, description, discount_percentage, discount_type, is_active, refund_percentage, refund_type, carrier_id) 
    values
        (?, ?, ?, ?, ?, ?, ?, default)
2025-08-22T07:38:28.817+05:30 DEBUG 34016 --- [           main] org.hibernate.SQL                        : 
    insert 
    into
        carriers
        (carrier_name, description, discount_percentage, discount_type, is_active, refund_percentage, refund_type, carrier_id) 
    values
        (?, ?, ?, ?, ?, ?, ?, default)
Hibernate: 
    insert 
    into
        carriers
        (carrier_name, description, discount_percentage, discount_type, is_active, refund_percentage, refund_type, carrier_id) 
    values
        (?, ?, ?, ?, ?, ?, ?, default)
2025-08-22T07:38:28.819+05:30 DEBUG 34016 --- [           main] org.hibernate.SQL                        : 
    insert 
    into
        carriers
        (carrier_name, description, discount_percentage, discount_type, is_active, refund_percentage, refund_type, carrier_id) 
    values
        (?, ?, ?, ?, ?, ?, ?, default)
Hibernate: 
    insert 
    into
        carriers
        (carrier_name, description, discount_percentage, discount_type, is_active, refund_percentage, refund_type, carrier_id) 
    values
        (?, ?, ?, ?, ?, ?, ?, default)
2025-08-22T07:38:28.820+05:30 DEBUG 34016 --- [           main] org.hibernate.SQL                        : 
    insert 
    into
        carriers
        (carrier_name, description, discount_percentage, discount_type, is_active, refund_percentage, refund_type, carrier_id) 
    values
        (?, ?, ?, ?, ?, ?, ?, default)
Hibernate: 
    insert 
    into
        carriers
        (carrier_name, description, discount_percentage, discount_type, is_active, refund_percentage, refund_type, carrier_id) 
    values
        (?, ?, ?, ?, ?, ?, ?, default)
✅ Sample carriers initialized successfully!
2025-08-22T07:38:28.922+05:30 DEBUG 34016 --- [           main] org.hibernate.SQL                        : 
    select
        c1_0.carrier_id,
        c1_0.carrier_name,
        c1_0.description,
        c1_0.discount_percentage,
        c1_0.discount_type,
        c1_0.is_active,
        c1_0.refund_percentage,
        c1_0.refund_type 
    from
        carriers c1_0 
    where
        c1_0.carrier_name=?
Hibernate: 
    select
        c1_0.carrier_id,
        c1_0.carrier_name,
        c1_0.description,
        c1_0.discount_percentage,
        c1_0.discount_type,
        c1_0.is_active,
        c1_0.refund_percentage,
        c1_0.refund_type 
    from
        carriers c1_0 
    where
        c1_0.carrier_name=?
2025-08-22T07:38:28.931+05:30 DEBUG 34016 --- [           main] org.hibernate.SQL                        : 
    select
        c1_0.carrier_id,
        c1_0.carrier_name,
        c1_0.description,
        c1_0.discount_percentage,
        c1_0.discount_type,
        c1_0.is_active,
        c1_0.refund_percentage,
        c1_0.refund_type 
    from
        carriers c1_0 
    where
        c1_0.carrier_name=?
Hibernate: 
    select
        c1_0.carrier_id,
        c1_0.carrier_name,
        c1_0.description,
        c1_0.discount_percentage,
        c1_0.discount_type,
        c1_0.is_active,
        c1_0.refund_percentage,
        c1_0.refund_type 
    from
        carriers c1_0 
    where
        c1_0.carrier_name=?
2025-08-22T07:38:28.932+05:30 DEBUG 34016 --- [           main] org.hibernate.SQL                        : 
    select
        c1_0.carrier_id,
        c1_0.carrier_name,
        c1_0.description,
        c1_0.discount_percentage,
        c1_0.discount_type,
        c1_0.is_active,
        c1_0.refund_percentage,
        c1_0.refund_type 
    from
        carriers c1_0 
    where
        c1_0.carrier_name=?
Hibernate: 
    select
        c1_0.carrier_id,
        c1_0.carrier_name,
        c1_0.description,
        c1_0.discount_percentage,
        c1_0.discount_type,
        c1_0.is_active,
        c1_0.refund_percentage,
        c1_0.refund_type 
    from
        carriers c1_0 
    where
        c1_0.carrier_name=?
2025-08-22T07:38:28.934+05:30 DEBUG 34016 --- [           main] org.hibernate.SQL                        : 
    select
        c1_0.carrier_id,
        c1_0.carrier_name,
        c1_0.description,
        c1_0.discount_percentage,
        c1_0.discount_type,
        c1_0.is_active,
        c1_0.refund_percentage,
        c1_0.refund_type 
    from
        carriers c1_0 
    where
        c1_0.carrier_name=?
Hibernate: 
    select
        c1_0.carrier_id,
        c1_0.carrier_name,
        c1_0.description,
        c1_0.discount_percentage,
        c1_0.discount_type,
        c1_0.is_active,
        c1_0.refund_percentage,
        c1_0.refund_type 
    from
        carriers c1_0 
    where
        c1_0.carrier_name=?
2025-08-22T07:38:28.941+05:30 DEBUG 34016 --- [           main] org.hibernate.SQL                        : 
    insert 
    into
        flights
        (air_fare, carrier_id, destination, origin, seat_capacity_business, seat_capacity_economy, seat_capacity_executive, flight_id) 
    values
        (?, ?, ?, ?, ?, ?, ?, default)
Hibernate: 
    insert 
    into
        flights
        (air_fare, carrier_id, destination, origin, seat_capacity_business, seat_capacity_economy, seat_capacity_executive, flight_id) 
    values
        (?, ?, ?, ?, ?, ?, ?, default)
2025-08-22T07:38:28.944+05:30 DEBUG 34016 --- [           main] org.hibernate.SQL                        : 
    insert 
    into
        flights
        (air_fare, carrier_id, destination, origin, seat_capacity_business, seat_capacity_economy, seat_capacity_executive, flight_id) 
    values
        (?, ?, ?, ?, ?, ?, ?, default)
Hibernate: 
    insert 
    into
        flights
        (air_fare, carrier_id, destination, origin, seat_capacity_business, seat_capacity_economy, seat_capacity_executive, flight_id) 
    values
        (?, ?, ?, ?, ?, ?, ?, default)
2025-08-22T07:38:28.946+05:30 DEBUG 34016 --- [           main] org.hibernate.SQL                        : 
    insert 
    into
        flights
        (air_fare, carrier_id, destination, origin, seat_capacity_business, seat_capacity_economy, seat_capacity_executive, flight_id) 
    values
        (?, ?, ?, ?, ?, ?, ?, default)
Hibernate: 
    insert 
    into
        flights
        (air_fare, carrier_id, destination, origin, seat_capacity_business, seat_capacity_economy, seat_capacity_executive, flight_id) 
    values
        (?, ?, ?, ?, ?, ?, ?, default)
2025-08-22T07:38:28.948+05:30 DEBUG 34016 --- [           main] org.hibernate.SQL                        : 
    insert 
    into
        flights
        (air_fare, carrier_id, destination, origin, seat_capacity_business, seat_capacity_economy, seat_capacity_executive, flight_id) 
    values
        (?, ?, ?, ?, ?, ?, ?, default)
Hibernate: 
    insert 
    into
        flights
        (air_fare, carrier_id, destination, origin, seat_capacity_business, seat_capacity_economy, seat_capacity_executive, flight_id) 
    values
        (?, ?, ?, ?, ?, ?, ?, default)
2025-08-22T07:38:28.950+05:30 DEBUG 34016 --- [           main] org.hibernate.SQL                        : 
    insert 
    into
        flights
        (air_fare, carrier_id, destination, origin, seat_capacity_business, seat_capacity_economy, seat_capacity_executive, flight_id) 
    values
        (?, ?, ?, ?, ?, ?, ?, default)
Hibernate: 
    insert 
    into
        flights
        (air_fare, carrier_id, destination, origin, seat_capacity_business, seat_capacity_economy, seat_capacity_executive, flight_id) 
    values
        (?, ?, ?, ?, ?, ?, ?, default)
2025-08-22T07:38:28.953+05:30 DEBUG 34016 --- [           main] org.hibernate.SQL                        : 
    insert 
    into
        flights
        (air_fare, carrier_id, destination, origin, seat_capacity_business, seat_capacity_economy, seat_capacity_executive, flight_id) 
    values
        (?, ?, ?, ?, ?, ?, ?, default)
Hibernate: 
    insert 
    into
        flights
        (air_fare, carrier_id, destination, origin, seat_capacity_business, seat_capacity_economy, seat_capacity_executive, flight_id) 
    values
        (?, ?, ?, ?, ?, ?, ?, default)
✅ Sample flights initialized successfully!
]]></system-out>
  </testcase>
</testsuite>